<?xml version="1.0" encoding="UTF-8"?>
<testng-results ignored="0" total="3" passed="2" failed="1" skipped="0">
  <reporter-output>
  </reporter-output>
  <suite started-at="2025-05-13T12:05:55 AST" name="Surefire suite" finished-at="2025-05-13T12:06:48 AST" duration-ms="52849">
    <groups>
    </groups>
    <test started-at="2025-05-13T12:05:55 AST" name="Surefire test" finished-at="2025-05-13T12:06:48 AST" duration-ms="52849">
      <class name="tests.TestCase9_SearchProduct">
        <test-method is-config="true" signature="setUp()[pri:0, instance:tests.TestCase9_SearchProduct@201a4587]" started-at="2025-05-13T12:06:35 AST" name="setUp" finished-at="2025-05-13T12:06:35 AST" duration-ms="1" status="PASS">
          <reporter-output>
          </reporter-output>
        </test-method> <!-- setUp -->
        <test-method signature="searchProductTest()[pri:0, instance:tests.TestCase9_SearchProduct@201a4587]" started-at="2025-05-13T12:06:35 AST" name="searchProductTest" description="Test Case 9: Search Product" finished-at="2025-05-13T12:06:46 AST" duration-ms="11303" status="FAIL">
          <exception class="java.lang.AssertionError">
            <message>
              <![CDATA[Intentionally failing this test expected [true] but found [false]]]>
            </message>
            <full-stacktrace>
              <![CDATA[java.lang.AssertionError: Intentionally failing this test expected [true] but found [false]
at org.testng.Assert.fail(Assert.java:111)
at org.testng.Assert.failNotEquals(Assert.java:1578)
at org.testng.Assert.assertTrue(Assert.java:57)
at tests.TestCase9_SearchProduct.searchProductTest(TestCase9_SearchProduct.java:37)
at java.base/jdk.internal.reflect.NativeMethodAccessorImpl.invoke0(Native Method)
at java.base/jdk.internal.reflect.NativeMethodAccessorImpl.invoke(NativeMethodAccessorImpl.java:78)
at java.base/jdk.internal.reflect.DelegatingMethodAccessorImpl.invoke(DelegatingMethodAccessorImpl.java:43)
at java.base/java.lang.reflect.Method.invoke(Method.java:567)
at org.testng.internal.invokers.MethodInvocationHelper.invokeMethod(MethodInvocationHelper.java:141)
at org.testng.internal.invokers.TestInvoker.invokeMethod(TestInvoker.java:686)
at org.testng.internal.invokers.TestInvoker.invokeTestMethod(TestInvoker.java:230)
at org.testng.internal.invokers.MethodRunner.runInSequence(MethodRunner.java:63)
at org.testng.internal.invokers.TestInvoker$MethodInvocationAgent.invoke(TestInvoker.java:992)
at org.testng.internal.invokers.TestInvoker.invokeTestMethods(TestInvoker.java:203)
at org.testng.internal.invokers.TestMethodWorker.invokeTestMethods(TestMethodWorker.java:154)
at org.testng.internal.invokers.TestMethodWorker.run(TestMethodWorker.java:134)
at java.base/java.util.ArrayList.forEach(ArrayList.java:1511)
at org.testng.TestRunner.privateRun(TestRunner.java:739)
at org.testng.TestRunner.run(TestRunner.java:614)
at org.testng.SuiteRunner.runTest(SuiteRunner.java:421)
at org.testng.SuiteRunner.runSequentially(SuiteRunner.java:413)
at org.testng.SuiteRunner.privateRun(SuiteRunner.java:373)
at org.testng.SuiteRunner.run(SuiteRunner.java:312)
at org.testng.SuiteRunnerWorker.runSuite(SuiteRunnerWorker.java:52)
at org.testng.SuiteRunnerWorker.run(SuiteRunnerWorker.java:95)
at org.testng.TestNG.runSuitesSequentially(TestNG.java:1274)
at org.testng.TestNG.runSuitesLocally(TestNG.java:1208)
at org.testng.TestNG.runSuites(TestNG.java:1112)
at org.testng.TestNG.run(TestNG.java:1079)
at org.apache.maven.surefire.testng.TestNGExecutor.run(TestNGExecutor.java:151)
at org.apache.maven.surefire.testng.TestNGDirectoryTestSuite.executeMulti(TestNGDirectoryTestSuite.java:192)
at org.apache.maven.surefire.testng.TestNGDirectoryTestSuite.execute(TestNGDirectoryTestSuite.java:93)
at org.apache.maven.surefire.testng.TestNGProvider.invoke(TestNGProvider.java:155)
at org.apache.maven.surefire.booter.ForkedBooter.runSuitesInProcess(ForkedBooter.java:456)
at org.apache.maven.surefire.booter.ForkedBooter.execute(ForkedBooter.java:169)
at org.apache.maven.surefire.booter.ForkedBooter.run(ForkedBooter.java:595)
at org.apache.maven.surefire.booter.ForkedBooter.main(ForkedBooter.java:581)
]]>
            </full-stacktrace>
          </exception> <!-- java.lang.AssertionError -->
          <reporter-output>
          </reporter-output>
        </test-method> <!-- searchProductTest -->
        <test-method is-config="true" signature="tearDown(org.testng.ITestResult)[pri:0, instance:tests.TestCase9_SearchProduct@201a4587]" started-at="2025-05-13T12:06:48 AST" name="tearDown" finished-at="2025-05-13T12:06:48 AST" duration-ms="0" status="PASS">
          <params>
            <param index="0">
              <value>
                <![CDATA[[TestResult name=searchProductTest status=FAILURE method=TestCase9_SearchProduct.searchProductTest()[pri:0, instance:tests.TestCase9_SearchProduct@201a4587] output={null}]]]>
              </value>
            </param>
          </params>
          <reporter-output>
          </reporter-output>
        </test-method> <!-- tearDown -->
      </class> <!-- tests.TestCase9_SearchProduct -->
      <class name="tests.TestCase1_RegisterUser">
        <test-method is-config="true" signature="setUp()[pri:0, instance:tests.TestCase1_RegisterUser@51e69659]" started-at="2025-05-13T12:05:55 AST" name="setUp" finished-at="2025-05-13T12:05:58 AST" duration-ms="2298" status="PASS">
          <reporter-output>
          </reporter-output>
        </test-method> <!-- setUp -->
        <test-method signature="testRegisterAndDeleteUser()[pri:0, instance:tests.TestCase1_RegisterUser@51e69659]" started-at="2025-05-13T12:05:58 AST" name="testRegisterAndDeleteUser" description="Test Case 1: Register User" finished-at="2025-05-13T12:06:28 AST" duration-ms="30036" status="PASS">
          <reporter-output>
          </reporter-output>
        </test-method> <!-- testRegisterAndDeleteUser -->
        <test-method is-config="true" signature="tearDown(org.testng.ITestResult)[pri:0, instance:tests.TestCase1_RegisterUser@51e69659]" started-at="2025-05-13T12:06:28 AST" name="tearDown" finished-at="2025-05-13T12:06:28 AST" duration-ms="4" status="PASS">
          <params>
            <param index="0">
              <value>
                <![CDATA[[TestResult name=testRegisterAndDeleteUser status=SUCCESS method=TestCase1_RegisterUser.testRegisterAndDeleteUser()[pri:0, instance:tests.TestCase1_RegisterUser@51e69659] output={null}]]]>
              </value>
            </param>
          </params>
          <reporter-output>
          </reporter-output>
        </test-method> <!-- tearDown -->
      </class> <!-- tests.TestCase1_RegisterUser -->
      <class name="base.BaseTest">
        <test-method is-config="true" signature="setAllureResultsDirectory()[pri:0, instance:base.BaseTest@23c30a20]" started-at="2025-05-13T12:05:55 AST" name="setAllureResultsDirectory" finished-at="2025-05-13T12:05:55 AST" duration-ms="18" status="PASS">
          <reporter-output>
          </reporter-output>
        </test-method> <!-- setAllureResultsDirectory -->
      </class> <!-- base.BaseTest -->
      <class name="tests.TestCase6_ContactUsForm">
        <test-method is-config="true" signature="setUp()[pri:0, instance:tests.TestCase6_ContactUsForm@47e2e487]" started-at="2025-05-13T12:06:28 AST" name="setUp" finished-at="2025-05-13T12:06:28 AST" duration-ms="0" status="PASS">
          <reporter-output>
          </reporter-output>
        </test-method> <!-- setUp -->
        <test-method signature="testSendContactForm()[pri:0, instance:tests.TestCase6_ContactUsForm@47e2e487]" started-at="2025-05-13T12:06:28 AST" name="testSendContactForm" description="Test Case 6: Contact Us Form Submission" finished-at="2025-05-13T12:06:35 AST" duration-ms="7083" status="PASS">
          <reporter-output>
          </reporter-output>
        </test-method> <!-- testSendContactForm -->
        <test-method is-config="true" signature="tearDown(org.testng.ITestResult)[pri:0, instance:tests.TestCase6_ContactUsForm@47e2e487]" started-at="2025-05-13T12:06:35 AST" name="tearDown" finished-at="2025-05-13T12:06:35 AST" duration-ms="2" status="PASS">
          <params>
            <param index="0">
              <value>
                <![CDATA[[TestResult name=testSendContactForm status=SUCCESS method=TestCase6_ContactUsForm.testSendContactForm()[pri:0, instance:tests.TestCase6_ContactUsForm@47e2e487] output={null}]]]>
              </value>
            </param>
          </params>
          <reporter-output>
          </reporter-output>
        </test-method> <!-- tearDown -->
      </class> <!-- tests.TestCase6_ContactUsForm -->
    </test> <!-- Surefire test -->
  </suite> <!-- Surefire suite -->
</testng-results>
